-------------------------------------------------------------------------------
Test set: com.framework.runner.TestRunner
-------------------------------------------------------------------------------
Tests run: 5, Failures: 1, Errors: 0, Skipped: 0, Time elapsed: 12.643 s <<< FAILURE! - in com.framework.runner.TestRunner
com.framework.runner.TestRunner.runScenario["User is able to search document using additional keyword", "Optional[Test Alpha Sense API end points]"](4)  Time elapsed: 0.127 s  <<< FAILURE!
java.lang.AssertionError: expected [2001] but found [200]

