<?xml version="1.0" encoding="UTF-8"?>
<testng-results ignored="0" total="1" passed="1" failed="0" skipped="0">
  <reporter-output>
  </reporter-output>
  <suite started-at="2021-12-27T20:38:04 SGT" name="Surefire suite" finished-at="2021-12-27T20:38:11 SGT" duration-ms="7594">
    <groups>
      <group name="cucumber">
        <method signature="AbstractTestNGCucumberTests.runScenario(io.cucumber.testng.PickleWrapper, io.cucumber.testng.FeatureWrapper)[pri:0, instance:com.framework.runner.TestRunner@4c6e276e]" name="runScenario" class="io.cucumber.testng.AbstractTestNGCucumberTests"/>
      </group> <!-- cucumber -->
    </groups>
    <test started-at="2021-12-27T20:38:04 SGT" name="Surefire test" finished-at="2021-12-27T20:38:11 SGT" duration-ms="7594">
      <class name="com.framework.runner.TestRunner">
        <test-method is-config="true" signature="setUpClass()[pri:0, instance:com.framework.runner.TestRunner@4c6e276e]" started-at="2021-12-27T20:38:04 SGT" name="setUpClass" finished-at="2021-12-27T20:38:04 SGT" duration-ms="250" status="PASS">
          <reporter-output>
          </reporter-output>
        </test-method> <!-- setUpClass -->
        <test-method signature="runScenario(io.cucumber.testng.PickleWrapper, io.cucumber.testng.FeatureWrapper)[pri:0, instance:com.framework.runner.TestRunner@4c6e276e]" started-at="2021-12-27T20:38:04 SGT" name="runScenario" description="Runs Cucumber Scenarios" data-provider="scenarios" finished-at="2021-12-27T20:38:11 SGT" duration-ms="7249" status="PASS">
          <params>
            <param index="0">
              <value>
                <![CDATA["Search Keyword and verify highlighted statement in last answer"]]>
              </value>
            </param>
            <param index="1">
              <value>
                <![CDATA["Optional[Test Alpha Sense Search Feature]"]]>
              </value>
            </param>
          </params>
          <reporter-output>
          </reporter-output>
        </test-method> <!-- runScenario -->
        <test-method is-config="true" signature="tearDownClass()[pri:0, instance:com.framework.runner.TestRunner@4c6e276e]" started-at="2021-12-27T20:38:11 SGT" name="tearDownClass" finished-at="2021-12-27T20:38:11 SGT" duration-ms="64" status="PASS">
          <reporter-output>
          </reporter-output>
        </test-method> <!-- tearDownClass -->
      </class> <!-- com.framework.runner.TestRunner -->
    </test> <!-- Surefire test -->
  </suite> <!-- Surefire suite -->
</testng-results>
