<?xml version="1.0" encoding="UTF-8"?>
<testsuite xmlns:xsi="http://www.w3.org/2001/XMLSchema-instance" xsi:noNamespaceSchemaLocation="https://maven.apache.org/surefire/maven-surefire-plugin/xsd/surefire-test-report-3.0.xsd" version="3.0" name="com.framework.runner.TestRunner" time="12.643" tests="5" errors="0" skipped="0" failures="1">
  <properties>
[...]
</properties>
  <testcase name="runScenario[&quot;User is able to search document using additional keyword&quot;, &quot;Optional[Test Alpha Sense API end points]&quot;](1)" classname="com.framework.runner.TestRunner" time="2.123">
    <system-out><![CDATA[
@API @AlphaSense @TC_001
Scenario: User is able to search document using additional keyword                         # src/test/resources/features/API_TestCase.feature:10
  Given I set the base URI                                                                 # com.framework.StepDefinition.API_Steps.i_set_the_base_URI()
  When I send the API request to get search results for additional keyword as "AlphaSense" # com.framework.StepDefinition.API_Steps.i_send_the_api_request_to_get_search_results_for_additional_keyword_as(java.lang.String)
  Then I should get the response status as 200                                             # com.framework.StepDefinition.API_Steps.i_should_get_the_response_status_as(int)
]]></system-out>
  </testcase>
  <testcase name="runScenario[&quot;User is able to get correct number of results in the document&quot;, &quot;Optional[Test Alpha Sense API end points]&quot;](2)" classname="com.framework.runner.TestRunner" time="0.615">
    <system-out><![CDATA[
@API @AlphaSense @TC_002
Scenario: User is able to get correct number of results in the document                    # src/test/resources/features/API_TestCase.feature:15
  Given I set the base URI                                                                 # com.framework.StepDefinition.API_Steps.i_set_the_base_URI()
  When I send the API request to get search results for additional keyword as "AlphaSense" # com.framework.StepDefinition.API_Steps.i_send_the_api_request_to_get_search_results_for_additional_keyword_as(java.lang.String)
  And I should get  "searchResults.originalStatementCount" as "17" in response body        # com.framework.StepDefinition.API_Steps.i_should_get_as_in_response_body(java.lang.String,java.lang.String)
]]></system-out>
  </testcase>
  <testcase name="runScenario[&quot;User gets required number of objects for each response&quot;, &quot;Optional[Test Alpha Sense API end points]&quot;](3)" classname="com.framework.runner.TestRunner" time="0.158">
    <system-out><![CDATA[
@API @AlphaSense @TC_003
Scenario: User gets required number of objects for each response                           # src/test/resources/features/API_TestCase.feature:21
  Given I set the base URI                                                                 # com.framework.StepDefinition.API_Steps.i_set_the_base_URI()
  When I send the API request to get search results for additional keyword as "AlphaSense" # com.framework.StepDefinition.API_Steps.i_send_the_api_request_to_get_search_results_for_additional_keyword_as(java.lang.String)
  Then I should get 17 "searchResults.statements" objects in the response                  # com.framework.StepDefinition.API_Steps.i_should_get_objects_in_response(int,java.lang.String)
]]></system-out>
  </testcase>
  <testcase name="runScenario[&quot;User is able to search document using additional keyword&quot;, &quot;Optional[Test Alpha Sense API end points]&quot;](4)" classname="com.framework.runner.TestRunner" time="0.127">
    <failure message="expected [2001] but found [200]" type="java.lang.AssertionError"><![CDATA[java.lang.AssertionError: expected [2001] but found [200]
]]></failure>
    <system-out><![CDATA[
@API @AlphaSense @TC_004 @fail
Scenario: User is able to search document using additional keyword                         # src/test/resources/features/API_TestCase.feature:26
  Given I set the base URI                                                                 # com.framework.StepDefinition.API_Steps.i_set_the_base_URI()
  When I send the API request to get search results for additional keyword as "AlphaSense" # com.framework.StepDefinition.API_Steps.i_send_the_api_request_to_get_search_results_for_additional_keyword_as(java.lang.String)
  Then I should get the response status as 2001                                            # com.framework.StepDefinition.API_Steps.i_should_get_the_response_status_as(int)
      java.lang.AssertionError: expected [2001] but found [200]
	at org.testng.Assert.fail(Assert.java:99)
	at org.testng.Assert.failNotEquals(Assert.java:1037)
	at org.testng.Assert.assertEqualsImpl(Assert.java:140)
	at org.testng.Assert.assertEquals(Assert.java:122)
	at org.testng.Assert.assertEquals(Assert.java:907)
	at org.testng.Assert.assertEquals(Assert.java:917)
	at com.framework.StepDefinition.API_Steps.i_should_get_the_response_status_as(API_Steps.java:40)
	at âœ½.I should get the response status as 2001(file:///C:/Users/udit/Desktop/workspace/selenium_rest_framework/src/test/resources/features/API_TestCase.feature:28)

      java.lang.NullPointerException: Cannot invoke "org.openqa.selenium.TakesScreenshot.getScreenshotAs(org.openqa.selenium.OutputType)" because "com.framework.settings.ObjectRepo.driver" is null
	at com.framework.StepDefinition.Hook.tearDown(Hook.java:45)

]]></system-out>
  </testcase>
  <testcase name="runScenario[&quot;Search Keyword and verify highlighted statement in last answer&quot;, &quot;Optional[Test Alpha Sense Search Feature]&quot;](5)" classname="com.framework.runner.TestRunner" time="8.38">
    <system-out><![CDATA[
@AlphaSense @UI @TC_001
Scenario: Search Keyword and verify highlighted statement in last answer      # src/test/resources/features/UI_TestCase.feature:10
  Given I am on Alpha Sense Document page                                     # com.framework.StepDefinition.Document_Steps.i_am_on_alpha_sense_document_page()
  When I search for additional keyword "AlphaSense"                           # com.framework.StepDefinition.Document_Steps.i_search_for_additional_keyword(java.lang.String)
  And I click on the last found result                                        # com.framework.StepDefinition.Document_Steps.i_click_on_the_last_found_result()
  Then I should see the chosen statement is highligted in the document viewer # com.framework.StepDefinition.Document_Steps.i_should_see_the_chosen_statement_is_highligted_in_the_document_viewer()
]]></system-out>
    <system-err><![CDATA[Dec 27, 2021 8:11:07 PM org.openqa.selenium.remote.DesiredCapabilities chrome
INFO: Using `new ChromeOptions()` is preferred to `DesiredCapabilities.chrome()`
Starting ChromeDriver 96.0.4664.45 (76e4c1bb2ab4671b8beba3444e61c0f17584b2fc-refs/branch-heads/4664@{#947}) on port 9654
Only local connections are allowed.
Please see https://chromedriver.chromium.org/security-considerations for suggestions on keeping ChromeDriver safe.
ChromeDriver was started successfully.
Dec 27, 2021 8:11:09 PM org.openqa.selenium.remote.ProtocolHandshake createSession
INFO: Detected dialect: W3C
]]></system-err>
  </testcase>
</testsuite>