<?xml version="1.0" encoding="UTF-8"?>
<testng-results ignored="0" total="5" passed="4" failed="1" skipped="0">
  <reporter-output>
  </reporter-output>
  <suite started-at="2021-12-27T20:05:25 SGT" name="Default suite" finished-at="2021-12-27T20:05:39 SGT" duration-ms="14264">
    <groups>
      <group name="cucumber">
        <method signature="AbstractTestNGCucumberTests.runScenario(io.cucumber.testng.PickleWrapper, io.cucumber.testng.FeatureWrapper)[pri:0, instance:com.framework.runner.TestRunner@10feca44]" name="runScenario" class="io.cucumber.testng.AbstractTestNGCucumberTests"/>
      </group> <!-- cucumber -->
    </groups>
    <test started-at="2021-12-27T20:05:25 SGT" name="Default test" finished-at="2021-12-27T20:05:39 SGT" duration-ms="14264">
      <class name="com.framework.runner.TestRunner">
        <test-method is-config="true" signature="setUpClass()[pri:0, instance:com.framework.runner.TestRunner@10feca44]" started-at="2021-12-27T20:05:25 SGT" name="setUpClass" finished-at="2021-12-27T20:05:25 SGT" duration-ms="381" status="PASS">
          <reporter-output>
          </reporter-output>
        </test-method> <!-- setUpClass -->
        <test-method signature="runScenario(io.cucumber.testng.PickleWrapper, io.cucumber.testng.FeatureWrapper)[pri:0, instance:com.framework.runner.TestRunner@10feca44]" started-at="2021-12-27T20:05:25 SGT" name="runScenario" description="Runs Cucumber Scenarios" data-provider="scenarios" finished-at="2021-12-27T20:05:27 SGT" duration-ms="2004" status="PASS">
          <params>
            <param index="0">
              <value>
                <![CDATA["User is able to search document using additional keyword"]]>
              </value>
            </param>
            <param index="1">
              <value>
                <![CDATA["Optional[Test Alpha Sense API end points]"]]>
              </value>
            </param>
          </params>
          <reporter-output>
          </reporter-output>
        </test-method> <!-- runScenario -->
        <test-method signature="runScenario(io.cucumber.testng.PickleWrapper, io.cucumber.testng.FeatureWrapper)[pri:0, instance:com.framework.runner.TestRunner@10feca44]" started-at="2021-12-27T20:05:27 SGT" name="runScenario" description="Runs Cucumber Scenarios" data-provider="scenarios" finished-at="2021-12-27T20:05:28 SGT" duration-ms="657" status="PASS">
          <params>
            <param index="0">
              <value>
                <![CDATA["User is able to get correct number of results in the document"]]>
              </value>
            </param>
            <param index="1">
              <value>
                <![CDATA["Optional[Test Alpha Sense API end points]"]]>
              </value>
            </param>
          </params>
          <reporter-output>
          </reporter-output>
        </test-method> <!-- runScenario -->
        <test-method signature="runScenario(io.cucumber.testng.PickleWrapper, io.cucumber.testng.FeatureWrapper)[pri:0, instance:com.framework.runner.TestRunner@10feca44]" started-at="2021-12-27T20:05:28 SGT" name="runScenario" description="Runs Cucumber Scenarios" data-provider="scenarios" finished-at="2021-12-27T20:05:28 SGT" duration-ms="201" status="PASS">
          <params>
            <param index="0">
              <value>
                <![CDATA["User gets required number of objects for each response"]]>
              </value>
            </param>
            <param index="1">
              <value>
                <![CDATA["Optional[Test Alpha Sense API end points]"]]>
              </value>
            </param>
          </params>
          <reporter-output>
          </reporter-output>
        </test-method> <!-- runScenario -->
        <test-method signature="runScenario(io.cucumber.testng.PickleWrapper, io.cucumber.testng.FeatureWrapper)[pri:0, instance:com.framework.runner.TestRunner@10feca44]" started-at="2021-12-27T20:05:28 SGT" name="runScenario" description="Runs Cucumber Scenarios" data-provider="scenarios" finished-at="2021-12-27T20:05:28 SGT" duration-ms="153" status="FAIL">
          <params>
            <param index="0">
              <value>
                <![CDATA["User is able to search document using additional keyword"]]>
              </value>
            </param>
            <param index="1">
              <value>
                <![CDATA["Optional[Test Alpha Sense API end points]"]]>
              </value>
            </param>
          </params>
          <exception class="java.lang.AssertionError">
            <message>
              <![CDATA[expected [2001] but found [200]]]>
            </message>
            <full-stacktrace>
              <![CDATA[java.lang.AssertionError: expected [2001] but found [200]
at org.testng.Assert.fail(Assert.java:99)
at org.testng.Assert.failNotEquals(Assert.java:1037)
at org.testng.Assert.assertEqualsImpl(Assert.java:140)
at org.testng.Assert.assertEquals(Assert.java:122)
at org.testng.Assert.assertEquals(Assert.java:907)
at org.testng.Assert.assertEquals(Assert.java:917)
at com.framework.StepDefinition.API_Steps.i_should_get_the_response_status_as(API_Steps.java:40)
at âœ½.I should get the response status as 2001(file:///C:/Users/udit/Desktop/workspace/Assignment/src/test/resources/features/API_TestCase.feature:28)
]]>
            </full-stacktrace>
          </exception> <!-- java.lang.AssertionError -->
          <reporter-output>
          </reporter-output>
        </test-method> <!-- runScenario -->
        <test-method signature="runScenario(io.cucumber.testng.PickleWrapper, io.cucumber.testng.FeatureWrapper)[pri:0, instance:com.framework.runner.TestRunner@10feca44]" started-at="2021-12-27T20:05:28 SGT" name="runScenario" description="Runs Cucumber Scenarios" data-provider="scenarios" finished-at="2021-12-27T20:05:39 SGT" duration-ms="10552" status="PASS">
          <params>
            <param index="0">
              <value>
                <![CDATA["Search Keyword and verify highlighted statement in last answer"]]>
              </value>
            </param>
            <param index="1">
              <value>
                <![CDATA["Optional[Test Alpha Sense Search Feature]"]]>
              </value>
            </param>
          </params>
          <reporter-output>
          </reporter-output>
        </test-method> <!-- runScenario -->
        <test-method is-config="true" signature="tearDownClass()[pri:0, instance:com.framework.runner.TestRunner@10feca44]" started-at="2021-12-27T20:05:39 SGT" name="tearDownClass" finished-at="2021-12-27T20:05:39 SGT" duration-ms="278" status="PASS">
          <reporter-output>
          </reporter-output>
        </test-method> <!-- tearDownClass -->
      </class> <!-- com.framework.runner.TestRunner -->
    </test> <!-- Default test -->
  </suite> <!-- Default suite -->
</testng-results>
